mode: set
github.com/SxAllyn/zpt/internal/protocol/ztp/frame.go:81.76,91.2 1 1
github.com/SxAllyn/zpt/internal/protocol/ztp/frame.go:94.42,96.2 1 1
github.com/SxAllyn/zpt/internal/protocol/ztp/frame.go:99.44,101.2 1 1
github.com/SxAllyn/zpt/internal/protocol/ztp/frame.go:104.47,106.2 1 1
github.com/SxAllyn/zpt/internal/protocol/ztp/frame.go:109.42,111.37 1 1
github.com/SxAllyn/zpt/internal/protocol/ztp/frame.go:111.37,113.3 1 0
github.com/SxAllyn/zpt/internal/protocol/ztp/frame.go:116.2,141.17 13 1
github.com/SxAllyn/zpt/internal/protocol/ztp/frame.go:145.42,146.19 1 1
github.com/SxAllyn/zpt/internal/protocol/ztp/frame.go:146.19,148.3 1 0
github.com/SxAllyn/zpt/internal/protocol/ztp/frame.go:151.2,151.27 1 1
github.com/SxAllyn/zpt/internal/protocol/ztp/frame.go:151.27,153.3 1 0
github.com/SxAllyn/zpt/internal/protocol/ztp/frame.go:156.2,165.16 3 1
github.com/SxAllyn/zpt/internal/protocol/ztp/frame.go:165.16,167.3 1 0
github.com/SxAllyn/zpt/internal/protocol/ztp/frame.go:168.2,168.28 1 1
github.com/SxAllyn/zpt/internal/protocol/ztp/frame.go:168.28,170.3 1 0
github.com/SxAllyn/zpt/internal/protocol/ztp/frame.go:171.2,175.31 3 1
github.com/SxAllyn/zpt/internal/protocol/ztp/frame.go:175.31,177.3 1 0
github.com/SxAllyn/zpt/internal/protocol/ztp/frame.go:178.2,182.48 3 1
github.com/SxAllyn/zpt/internal/protocol/ztp/frame.go:182.48,184.3 1 0
github.com/SxAllyn/zpt/internal/protocol/ztp/frame.go:185.2,189.41 3 1
github.com/SxAllyn/zpt/internal/protocol/ztp/frame.go:189.41,191.3 1 0
github.com/SxAllyn/zpt/internal/protocol/ztp/frame.go:193.2,193.19 1 1
github.com/SxAllyn/zpt/internal/protocol/ztp/frame.go:197.34,198.27 1 1
github.com/SxAllyn/zpt/internal/protocol/ztp/frame.go:198.27,200.3 1 1
github.com/SxAllyn/zpt/internal/protocol/ztp/frame.go:202.2,202.34 1 1
github.com/SxAllyn/zpt/internal/protocol/ztp/frame.go:202.34,204.3 1 1
github.com/SxAllyn/zpt/internal/protocol/ztp/frame.go:206.2,206.45 1 1
github.com/SxAllyn/zpt/internal/protocol/ztp/frame.go:206.45,208.3 1 1
github.com/SxAllyn/zpt/internal/protocol/ztp/frame.go:210.2,210.30 1 1
github.com/SxAllyn/zpt/internal/protocol/ztp/frame.go:210.30,212.3 1 0
github.com/SxAllyn/zpt/internal/protocol/ztp/frame.go:214.2,214.29 1 1
github.com/SxAllyn/zpt/internal/protocol/ztp/frame.go:214.29,216.3 1 0
github.com/SxAllyn/zpt/internal/protocol/ztp/frame.go:218.2,218.37 1 1
github.com/SxAllyn/zpt/internal/protocol/ztp/frame.go:218.37,220.3 1 1
github.com/SxAllyn/zpt/internal/protocol/ztp/frame.go:222.2,222.12 1 1
github.com/SxAllyn/zpt/internal/protocol/ztp/frame.go:226.40,227.16 1 1
github.com/SxAllyn/zpt/internal/protocol/ztp/frame.go:227.16,229.3 1 1
github.com/SxAllyn/zpt/internal/protocol/ztp/frame.go:231.2,232.16 2 1
github.com/SxAllyn/zpt/internal/protocol/ztp/frame.go:232.16,235.16 3 1
github.com/SxAllyn/zpt/internal/protocol/ztp/frame.go:235.16,237.4 1 1
github.com/SxAllyn/zpt/internal/protocol/ztp/frame.go:238.3,238.29 1 1
github.com/SxAllyn/zpt/internal/protocol/ztp/frame.go:240.2,240.12 1 1
github.com/SxAllyn/zpt/internal/protocol/ztp/frame.go:244.53,249.25 4 1
github.com/SxAllyn/zpt/internal/protocol/ztp/frame.go:249.25,253.18 3 1
github.com/SxAllyn/zpt/internal/protocol/ztp/frame.go:253.18,254.9 1 1
github.com/SxAllyn/zpt/internal/protocol/ztp/frame.go:257.3,258.18 2 1
github.com/SxAllyn/zpt/internal/protocol/ztp/frame.go:258.18,260.4 1 0
github.com/SxAllyn/zpt/internal/protocol/ztp/frame.go:263.2,263.20 1 1
github.com/SxAllyn/zpt/internal/protocol/ztp/frame.go:263.20,265.3 1 0
github.com/SxAllyn/zpt/internal/protocol/ztp/frame.go:267.2,267.31 1 1
github.com/SxAllyn/zpt/internal/protocol/ztp/frame.go:271.45,274.50 2 1
github.com/SxAllyn/zpt/internal/protocol/ztp/frame.go:274.50,276.3 1 1
github.com/SxAllyn/zpt/internal/protocol/ztp/frame.go:279.2,279.29 1 1
github.com/SxAllyn/zpt/internal/protocol/ztp/frame.go:279.29,281.3 1 1
github.com/SxAllyn/zpt/internal/protocol/ztp/frame.go:284.2,287.6 4 1
github.com/SxAllyn/zpt/internal/protocol/ztp/frame.go:287.6,288.49 1 1
github.com/SxAllyn/zpt/internal/protocol/ztp/frame.go:288.49,290.4 1 1
github.com/SxAllyn/zpt/internal/protocol/ztp/frame.go:291.3,293.24 2 1
github.com/SxAllyn/zpt/internal/protocol/ztp/frame.go:293.24,297.18 3 1
github.com/SxAllyn/zpt/internal/protocol/ztp/frame.go:297.18,299.5 1 0
github.com/SxAllyn/zpt/internal/protocol/ztp/frame.go:300.4,300.9 1 1
github.com/SxAllyn/zpt/internal/protocol/ztp/frame.go:305.2,306.55 2 1
github.com/SxAllyn/zpt/internal/protocol/ztp/frame.go:306.55,308.3 1 1
github.com/SxAllyn/zpt/internal/protocol/ztp/frame.go:309.2,313.51 3 1
github.com/SxAllyn/zpt/internal/protocol/ztp/frame.go:313.51,315.3 1 1
github.com/SxAllyn/zpt/internal/protocol/ztp/frame.go:318.2,329.41 2 1
github.com/SxAllyn/zpt/internal/protocol/ztp/frame.go:329.41,331.3 1 0
github.com/SxAllyn/zpt/internal/protocol/ztp/frame.go:333.2,333.19 1 1
github.com/SxAllyn/zpt/internal/protocol/ztp/frame.go:337.50,339.16 2 1
github.com/SxAllyn/zpt/internal/protocol/ztp/frame.go:339.16,341.3 1 0
github.com/SxAllyn/zpt/internal/protocol/ztp/frame.go:343.2,344.12 2 1
github.com/SxAllyn/zpt/internal/protocol/ztp/frame.go:354.61,359.2 4 0
github.com/SxAllyn/zpt/internal/protocol/ztp/frame.go:362.56,363.20 1 0
github.com/SxAllyn/zpt/internal/protocol/ztp/frame.go:363.20,365.3 1 0
github.com/SxAllyn/zpt/internal/protocol/ztp/frame.go:367.2,370.8 1 0
github.com/SxAllyn/zpt/internal/protocol/ztp/frame.go:374.73,377.2 2 0
github.com/SxAllyn/zpt/internal/protocol/ztp/session.go:67.43,76.2 1 0
github.com/SxAllyn/zpt/internal/protocol/ztp/session.go:79.87,80.22 1 0
github.com/SxAllyn/zpt/internal/protocol/ztp/session.go:80.22,82.3 1 0
github.com/SxAllyn/zpt/internal/protocol/ztp/session.go:84.2,84.28 1 0
github.com/SxAllyn/zpt/internal/protocol/ztp/session.go:84.28,86.3 1 0
github.com/SxAllyn/zpt/internal/protocol/ztp/session.go:87.2,87.30 1 0
github.com/SxAllyn/zpt/internal/protocol/ztp/session.go:87.30,89.3 1 0
github.com/SxAllyn/zpt/internal/protocol/ztp/session.go:90.2,90.32 1 0
github.com/SxAllyn/zpt/internal/protocol/ztp/session.go:90.32,92.3 1 0
github.com/SxAllyn/zpt/internal/protocol/ztp/session.go:93.2,93.35 1 0
github.com/SxAllyn/zpt/internal/protocol/ztp/session.go:93.35,95.3 1 0
github.com/SxAllyn/zpt/internal/protocol/ztp/session.go:97.2,112.15 3 0
github.com/SxAllyn/zpt/internal/protocol/ztp/session.go:116.33,117.24 1 0
github.com/SxAllyn/zpt/internal/protocol/ztp/session.go:117.24,119.3 1 0
github.com/SxAllyn/zpt/internal/protocol/ztp/session.go:121.2,136.31 8 0
github.com/SxAllyn/zpt/internal/protocol/ztp/session.go:136.31,139.3 2 0
github.com/SxAllyn/zpt/internal/protocol/ztp/session.go:141.2,142.12 2 0
github.com/SxAllyn/zpt/internal/protocol/ztp/session.go:146.33,147.23 1 0
github.com/SxAllyn/zpt/internal/protocol/ztp/session.go:147.23,149.3 1 0
github.com/SxAllyn/zpt/internal/protocol/ztp/session.go:151.2,151.24 1 0
github.com/SxAllyn/zpt/internal/protocol/ztp/session.go:151.24,157.36 4 0
github.com/SxAllyn/zpt/internal/protocol/ztp/session.go:157.36,159.4 1 0
github.com/SxAllyn/zpt/internal/protocol/ztp/session.go:160.3,172.36 6 0
github.com/SxAllyn/zpt/internal/protocol/ztp/session.go:175.2,175.12 1 0
github.com/SxAllyn/zpt/internal/protocol/ztp/session.go:179.49,180.23 1 0
github.com/SxAllyn/zpt/internal/protocol/ztp/session.go:180.23,182.3 1 0
github.com/SxAllyn/zpt/internal/protocol/ztp/session.go:185.2,186.36 2 0
github.com/SxAllyn/zpt/internal/protocol/ztp/session.go:186.36,188.3 1 0
github.com/SxAllyn/zpt/internal/protocol/ztp/session.go:191.2,212.9 7 0
github.com/SxAllyn/zpt/internal/protocol/ztp/session.go:213.25,213.25 0 0
github.com/SxAllyn/zpt/internal/protocol/ztp/session.go:214.19,215.44 1 0
github.com/SxAllyn/zpt/internal/protocol/ztp/session.go:216.37,217.53 1 0
github.com/SxAllyn/zpt/internal/protocol/ztp/session.go:220.2,220.20 1 0
github.com/SxAllyn/zpt/internal/protocol/ztp/session.go:224.51,228.2 1 0
github.com/SxAllyn/zpt/internal/protocol/ztp/session.go:231.30,234.6 2 0
github.com/SxAllyn/zpt/internal/protocol/ztp/session.go:234.6,235.10 1 0
github.com/SxAllyn/zpt/internal/protocol/ztp/session.go:236.28,237.57 1 0
github.com/SxAllyn/zpt/internal/protocol/ztp/session.go:237.57,240.5 2 0
github.com/SxAllyn/zpt/internal/protocol/ztp/session.go:241.23,242.10 1 0
github.com/SxAllyn/zpt/internal/protocol/ztp/session.go:243.20,244.10 1 0
github.com/SxAllyn/zpt/internal/protocol/ztp/session.go:250.30,253.6 2 0
github.com/SxAllyn/zpt/internal/protocol/ztp/session.go:253.6,254.10 1 0
github.com/SxAllyn/zpt/internal/protocol/ztp/session.go:255.23,256.10 1 0
github.com/SxAllyn/zpt/internal/protocol/ztp/session.go:257.20,258.10 1 0
github.com/SxAllyn/zpt/internal/protocol/ztp/session.go:259.11,261.83 1 0
github.com/SxAllyn/zpt/internal/protocol/ztp/session.go:261.83,263.5 1 0
github.com/SxAllyn/zpt/internal/protocol/ztp/session.go:265.4,266.18 2 0
github.com/SxAllyn/zpt/internal/protocol/ztp/session.go:266.18,267.31 1 0
github.com/SxAllyn/zpt/internal/protocol/ztp/session.go:267.31,270.6 2 0
github.com/SxAllyn/zpt/internal/protocol/ztp/session.go:272.5,272.62 1 0
github.com/SxAllyn/zpt/internal/protocol/ztp/session.go:272.62,273.14 1 0
github.com/SxAllyn/zpt/internal/protocol/ztp/session.go:275.5,276.11 2 0
github.com/SxAllyn/zpt/internal/protocol/ztp/session.go:280.4,280.11 1 0
github.com/SxAllyn/zpt/internal/protocol/ztp/session.go:281.27,281.27 0 0
github.com/SxAllyn/zpt/internal/protocol/ztp/session.go:282.24,283.11 1 0
github.com/SxAllyn/zpt/internal/protocol/ztp/session.go:284.21,285.11 1 0
github.com/SxAllyn/zpt/internal/protocol/ztp/session.go:292.33,295.6 2 0
github.com/SxAllyn/zpt/internal/protocol/ztp/session.go:295.6,296.10 1 0
github.com/SxAllyn/zpt/internal/protocol/ztp/session.go:297.28,298.24 1 0
github.com/SxAllyn/zpt/internal/protocol/ztp/session.go:299.26,302.10 3 0
github.com/SxAllyn/zpt/internal/protocol/ztp/session.go:303.23,304.10 1 0
github.com/SxAllyn/zpt/internal/protocol/ztp/session.go:305.20,306.10 1 0
github.com/SxAllyn/zpt/internal/protocol/ztp/session.go:312.45,313.20 1 0
github.com/SxAllyn/zpt/internal/protocol/ztp/session.go:314.16,315.27 1 0
github.com/SxAllyn/zpt/internal/protocol/ztp/session.go:316.22,317.33 1 0
github.com/SxAllyn/zpt/internal/protocol/ztp/session.go:318.23,319.34 1 0
github.com/SxAllyn/zpt/internal/protocol/ztp/session.go:320.15,321.26 1 0
github.com/SxAllyn/zpt/internal/protocol/ztp/session.go:322.16,323.27 1 0
github.com/SxAllyn/zpt/internal/protocol/ztp/session.go:324.17,325.28 1 0
github.com/SxAllyn/zpt/internal/protocol/ztp/session.go:326.10,327.61 1 0
github.com/SxAllyn/zpt/internal/protocol/ztp/session.go:332.49,337.9 4 0
github.com/SxAllyn/zpt/internal/protocol/ztp/session.go:337.9,340.10 2 0
github.com/SxAllyn/zpt/internal/protocol/ztp/session.go:341.31,341.31 0 0
github.com/SxAllyn/zpt/internal/protocol/ztp/session.go:342.11,342.11 0 0
github.com/SxAllyn/zpt/internal/protocol/ztp/session.go:345.3,345.9 1 0
github.com/SxAllyn/zpt/internal/protocol/ztp/session.go:349.2,349.9 1 0
github.com/SxAllyn/zpt/internal/protocol/ztp/session.go:350.38,359.10 4 0
github.com/SxAllyn/zpt/internal/protocol/ztp/session.go:360.29,360.29 0 0
github.com/SxAllyn/zpt/internal/protocol/ztp/session.go:361.11,361.11 0 0
github.com/SxAllyn/zpt/internal/protocol/ztp/session.go:364.24,364.24 0 0
github.com/SxAllyn/zpt/internal/protocol/ztp/session.go:366.44,366.44 0 0
github.com/SxAllyn/zpt/internal/protocol/ztp/session.go:373.55,379.12 4 0
github.com/SxAllyn/zpt/internal/protocol/ztp/session.go:379.12,382.10 2 0
github.com/SxAllyn/zpt/internal/protocol/ztp/session.go:383.31,383.31 0 0
github.com/SxAllyn/zpt/internal/protocol/ztp/session.go:384.11,384.11 0 0
github.com/SxAllyn/zpt/internal/protocol/ztp/session.go:386.3,386.9 1 0
github.com/SxAllyn/zpt/internal/protocol/ztp/session.go:390.2,407.22 5 0
github.com/SxAllyn/zpt/internal/protocol/ztp/session.go:413.56,416.8 3 0
github.com/SxAllyn/zpt/internal/protocol/ztp/session.go:416.8,419.3 2 0
github.com/SxAllyn/zpt/internal/protocol/ztp/session.go:420.2,420.22 1 0
github.com/SxAllyn/zpt/internal/protocol/ztp/session.go:424.48,427.16 2 0
github.com/SxAllyn/zpt/internal/protocol/ztp/session.go:427.16,430.3 2 0
github.com/SxAllyn/zpt/internal/protocol/ztp/session.go:433.2,437.13 4 0
github.com/SxAllyn/zpt/internal/protocol/ztp/session.go:437.13,440.3 1 0
github.com/SxAllyn/zpt/internal/protocol/ztp/session.go:444.2,445.35 2 0
github.com/SxAllyn/zpt/internal/protocol/ztp/session.go:445.35,447.3 1 0
github.com/SxAllyn/zpt/internal/protocol/ztp/session.go:450.2,454.64 2 0
github.com/SxAllyn/zpt/internal/protocol/ztp/session.go:458.49,461.9 2 0
github.com/SxAllyn/zpt/internal/protocol/ztp/session.go:462.28,462.28 0 0
github.com/SxAllyn/zpt/internal/protocol/ztp/session.go:463.10,463.10 0 0
github.com/SxAllyn/zpt/internal/protocol/ztp/session.go:468.50,471.8 3 0
github.com/SxAllyn/zpt/internal/protocol/ztp/session.go:471.8,474.3 2 0
github.com/SxAllyn/zpt/internal/protocol/ztp/session.go:475.2,475.22 1 0
github.com/SxAllyn/zpt/internal/protocol/ztp/session.go:479.30,485.6 4 0
github.com/SxAllyn/zpt/internal/protocol/ztp/session.go:485.6,486.10 1 0
github.com/SxAllyn/zpt/internal/protocol/ztp/session.go:487.19,488.25 1 0
github.com/SxAllyn/zpt/internal/protocol/ztp/session.go:488.25,490.5 1 0
github.com/SxAllyn/zpt/internal/protocol/ztp/session.go:493.4,494.11 2 0
github.com/SxAllyn/zpt/internal/protocol/ztp/session.go:495.31,495.31 0 0
github.com/SxAllyn/zpt/internal/protocol/ztp/session.go:496.21,497.11 1 0
github.com/SxAllyn/zpt/internal/protocol/ztp/session.go:498.24,499.11 1 0
github.com/SxAllyn/zpt/internal/protocol/ztp/session.go:501.23,502.10 1 0
github.com/SxAllyn/zpt/internal/protocol/ztp/session.go:503.20,504.10 1 0
github.com/SxAllyn/zpt/internal/protocol/ztp/session.go:510.37,514.2 3 0
github.com/SxAllyn/zpt/internal/protocol/ztp/session.go:517.35,519.2 1 0
github.com/SxAllyn/zpt/internal/protocol/ztp/stream.go:38.30,40.2 1 0
github.com/SxAllyn/zpt/internal/protocol/ztp/stream.go:43.56,44.23 1 0
github.com/SxAllyn/zpt/internal/protocol/ztp/stream.go:44.23,46.3 1 0
github.com/SxAllyn/zpt/internal/protocol/ztp/stream.go:49.2,50.20 2 0
github.com/SxAllyn/zpt/internal/protocol/ztp/stream.go:50.20,52.31 2 0
github.com/SxAllyn/zpt/internal/protocol/ztp/stream.go:52.31,54.4 1 0
github.com/SxAllyn/zpt/internal/protocol/ztp/stream.go:56.3,61.7 4 0
github.com/SxAllyn/zpt/internal/protocol/ztp/stream.go:61.7,70.38 6 0
github.com/SxAllyn/zpt/internal/protocol/ztp/stream.go:70.38,72.10 1 0
github.com/SxAllyn/zpt/internal/protocol/ztp/stream.go:76.4,76.68 1 0
github.com/SxAllyn/zpt/internal/protocol/ztp/stream.go:76.68,78.5 1 0
github.com/SxAllyn/zpt/internal/protocol/ztp/stream.go:81.4,81.11 1 0
github.com/SxAllyn/zpt/internal/protocol/ztp/stream.go:82.21,83.52 1 0
github.com/SxAllyn/zpt/internal/protocol/ztp/stream.go:84.29,85.55 1 0
github.com/SxAllyn/zpt/internal/protocol/ztp/stream.go:86.45,86.45 0 0
github.com/SxAllyn/zpt/internal/protocol/ztp/stream.go:92.3,96.25 3 0
github.com/SxAllyn/zpt/internal/protocol/ztp/stream.go:96.25,100.4 3 0
github.com/SxAllyn/zpt/internal/protocol/ztp/stream.go:103.3,103.10 1 0
github.com/SxAllyn/zpt/internal/protocol/ztp/stream.go:104.34,106.38 2 0
github.com/SxAllyn/zpt/internal/protocol/ztp/stream.go:107.20,108.51 1 0
github.com/SxAllyn/zpt/internal/protocol/ztp/stream.go:109.20,110.51 1 0
github.com/SxAllyn/zpt/internal/protocol/ztp/stream.go:111.28,112.54 1 0
github.com/SxAllyn/zpt/internal/protocol/ztp/stream.go:116.2,116.26 1 0
github.com/SxAllyn/zpt/internal/protocol/ztp/stream.go:120.52,121.23 1 0
github.com/SxAllyn/zpt/internal/protocol/ztp/stream.go:121.23,123.3 1 0
github.com/SxAllyn/zpt/internal/protocol/ztp/stream.go:126.2,127.23 2 0
github.com/SxAllyn/zpt/internal/protocol/ztp/stream.go:127.23,131.3 3 0
github.com/SxAllyn/zpt/internal/protocol/ztp/stream.go:134.2,134.9 1 0
github.com/SxAllyn/zpt/internal/protocol/ztp/stream.go:135.26,136.21 1 0
github.com/SxAllyn/zpt/internal/protocol/ztp/stream.go:136.21,139.4 1 0
github.com/SxAllyn/zpt/internal/protocol/ztp/stream.go:142.3,143.24 2 0
github.com/SxAllyn/zpt/internal/protocol/ztp/stream.go:143.24,147.4 1 0
github.com/SxAllyn/zpt/internal/protocol/ztp/stream.go:149.3,150.23 2 0
github.com/SxAllyn/zpt/internal/protocol/ztp/stream.go:152.19,153.19 1 0
github.com/SxAllyn/zpt/internal/protocol/ztp/stream.go:154.19,155.39 1 0
github.com/SxAllyn/zpt/internal/protocol/ztp/stream.go:156.27,157.42 1 0
github.com/SxAllyn/zpt/internal/protocol/ztp/stream.go:162.32,163.23 1 0
github.com/SxAllyn/zpt/internal/protocol/ztp/stream.go:163.23,165.3 1 0
github.com/SxAllyn/zpt/internal/protocol/ztp/stream.go:167.2,171.9 3 0
github.com/SxAllyn/zpt/internal/protocol/ztp/stream.go:172.33,172.33 0 0
github.com/SxAllyn/zpt/internal/protocol/ztp/stream.go:173.27,173.27 0 0
github.com/SxAllyn/zpt/internal/protocol/ztp/stream.go:175.37,175.37 0 0
github.com/SxAllyn/zpt/internal/protocol/ztp/stream.go:179.2,179.12 1 0
github.com/SxAllyn/zpt/internal/protocol/ztp/stream.go:183.34,184.23 1 0
github.com/SxAllyn/zpt/internal/protocol/ztp/stream.go:184.23,186.3 1 0
github.com/SxAllyn/zpt/internal/protocol/ztp/stream.go:188.2,194.30 5 0
github.com/SxAllyn/zpt/internal/protocol/ztp/stream.go:198.57,200.2 1 0
github.com/SxAllyn/zpt/internal/protocol/ztp/stream.go:203.56,205.2 1 0
github.com/SxAllyn/zpt/internal/protocol/ztp/stream.go:208.34,210.2 1 0
github.com/SxAllyn/zpt/internal/protocol/ztp/stream.go:213.35,215.2 1 0
